c:\users\nly\desktop\code\c++\snake\snake\x64\debug\vc143.pdb
c:\users\nly\desktop\code\c++\snake\snake\x64\debug\vc143.idb
c:\users\nly\desktop\code\c++\snake\snake\x64\debug\main.obj
c:\users\nly\desktop\code\c++\snake\snake\x64\debug\snake.ilk
c:\users\nly\desktop\code\c++\snake\x64\debug\snake.pdb
c:\users\nly\desktop\code\c++\snake\snake\x64\debug\snake.tlog\cl.command.1.tlog
c:\users\nly\desktop\code\c++\snake\snake\x64\debug\snake.tlog\cl.items.tlog
c:\users\nly\desktop\code\c++\snake\snake\x64\debug\snake.tlog\cl.read.1.tlog
c:\users\nly\desktop\code\c++\snake\snake\x64\debug\snake.tlog\cl.write.1.tlog
c:\users\nly\desktop\code\c++\snake\snake\x64\debug\snake.tlog\link.18828-cvtres.read.1.tlog
c:\users\nly\desktop\code\c++\snake\snake\x64\debug\snake.tlog\link.18828-cvtres.write.1.tlog
c:\users\nly\desktop\code\c++\snake\snake\x64\debug\snake.tlog\link.18828-rc.read.1.tlog
c:\users\nly\desktop\code\c++\snake\snake\x64\debug\snake.tlog\link.18828-rc.write.1.tlog
c:\users\nly\desktop\code\c++\snake\snake\x64\debug\snake.tlog\link.18828.read.1.tlog
c:\users\nly\desktop\code\c++\snake\snake\x64\debug\snake.tlog\link.18828.read.2.tlog
c:\users\nly\desktop\code\c++\snake\snake\x64\debug\snake.tlog\link.18828.read.3.tlog
c:\users\nly\desktop\code\c++\snake\snake\x64\debug\snake.tlog\link.18828.read.4.tlog
c:\users\nly\desktop\code\c++\snake\snake\x64\debug\snake.tlog\link.18828.write.1.tlog
c:\users\nly\desktop\code\c++\snake\snake\x64\debug\snake.tlog\link.command.1.tlog
c:\users\nly\desktop\code\c++\snake\snake\x64\debug\snake.tlog\link.read.1.tlog
c:\users\nly\desktop\code\c++\snake\snake\x64\debug\snake.tlog\link.secondary.1.tlog
c:\users\nly\desktop\code\c++\snake\snake\x64\debug\snake.tlog\link.write.1.tlog
